g:\project2\project2\x64\debug\vc143.pdb
g:\project2\project2\x64\debug\vc143.idb
g:\project2\project2\x64\debug\text.obj
g:\project2\project2\x64\debug\spaceship.obj
g:\project2\project2\x64\debug\game.obj
g:\project2\project2\x64\debug\explosion.obj
g:\project2\project2\x64\debug\chicken.obj
g:\project2\project2\x64\debug\bullet.obj
g:\project2\project2\x64\debug\boss.obj
g:\project2\project2\x64\debug\boost.obj
g:\project2\project2\x64\debug\base.obj
g:\project2\project2\x64\debug\main.obj
g:\project2\x64\debug\project2.exe
g:\project2\project2\x64\debug\project2.ilk
g:\project2\x64\debug\project2.pdb
g:\project2\project2\x64\debug\project2.tlog\cl.command.1.tlog
g:\project2\project2\x64\debug\project2.tlog\cl.read.1.tlog
g:\project2\project2\x64\debug\project2.tlog\cl.write.1.tlog
g:\project2\project2\x64\debug\project2.tlog\link.command.1.tlog
g:\project2\project2\x64\debug\project2.tlog\link.read.1.tlog
g:\project2\project2\x64\debug\project2.tlog\link.write.1.tlog
